[2025-04-13 10:33:25.798] [25372] [HailoRT] [info] [vdevice.cpp:523] [create] Creating vdevice with params: device_count: 1, scheduling_algorithm: ROUND_ROBIN, multi_process_service: false
[2025-04-13 10:33:25.812] [25372] [HailoRT] [info] [device.cpp:49] [Device] OS Version: Linux 6.12.20+rpt-rpi-2712 #1 SMP PREEMPT Debian 1:6.12.20-1+rpt1~bpo12+1 (2025-03-19) aarch64
[2025-04-13 10:33:25.815] [25372] [HailoRT] [info] [control.cpp:108] [control__parse_identify_results] firmware_version is: 4.20.0
[2025-04-13 10:33:25.815] [25372] [HailoRT] [info] [vdevice.cpp:651] [create] VDevice Infos: 0001:01:00.0
[2025-04-13 10:33:25.958] [25372] [HailoRT] [info] [hef.cpp:1929] [get_network_group_and_network_name] No name was given. Addressing all networks of default network_group: yolov10n
[2025-04-13 10:33:25.958] [25372] [HailoRT] [info] [hef.cpp:1929] [get_network_group_and_network_name] No name was given. Addressing all networks of default network_group: yolov10n
[2025-04-13 10:33:25.958] [25372] [HailoRT] [info] [hef.cpp:1929] [get_network_group_and_network_name] No name was given. Addressing all networks of default network_group: yolov10n
[2025-04-13 10:33:25.974] [25372] [HailoRT] [info] [internal_buffer_manager.cpp:204] [print_execution_results] Planned internal buffer memory: CMA memory 0, user memory 1540096. memory to edge layer usage factor is 0.6974264
[2025-04-13 10:33:25.974] [25372] [HailoRT] [info] [internal_buffer_manager.cpp:212] [print_execution_results] Default Internal buffer planner executed successfully
[2025-04-13 10:33:26.024] [25372] [HailoRT] [info] [device_internal.cpp:57] [configure] Configuring HEF took 64.593405 milliseconds
[2025-04-13 10:33:26.025] [25372] [HailoRT] [info] [vdevice.cpp:749] [configure] Configuring HEF on VDevice took 66.028327 milliseconds
[2025-04-13 10:33:26.025] [25372] [HailoRT] [info] [infer_model.cpp:436] [configure] Configuring network group 'yolov10n' with params: batch size: 0, power mode: PERFORMANCE, latency: NONE
[2025-04-13 10:33:26.025] [25372] [HailoRT] [info] [multi_io_elements.cpp:756] [create] Created (AsyncHwEl)
[2025-04-13 10:33:26.026] [25372] [HailoRT] [info] [queue_elements.cpp:450] [create] Created (EntryPushQEl0yolov10n/input_layer1 | timeout: 10s)
[2025-04-13 10:33:26.026] [25372] [HailoRT] [info] [filter_elements.cpp:101] [create] Created (PreInferEl3yolov10n/input_layer1 | Reorder - src_order: NHWC, src_shape: (640, 640, 3), dst_order: NHCW, dst_shape: (640, 640, 3))
[2025-04-13 10:33:26.027] [25372] [HailoRT] [info] [queue_elements.cpp:450] [create] Created (PushQEl3yolov10n/input_layer1 | timeout: 10s)
[2025-04-13 10:33:26.027] [25372] [HailoRT] [info] [multi_io_elements.cpp:135] [create] Created (NmsPPMuxEl0YOLOV8-Post-Process | Op YOLOV8, Name: YOLOV8-Post-Process, Score threshold: 0.300, IoU threshold: 0.70, Classes: 80, Cross classes: false, NMS results order: BY_CLASS, Max bboxes per class: 100, Image height: 640, Image width: 640)
[2025-04-13 10:33:26.028] [25372] [HailoRT] [info] [queue_elements.cpp:942] [create] Created (MultiPushQEl0YOLOV8-Post-Process | timeout: 10s)
[2025-04-13 10:33:26.028] [25372] [HailoRT] [info] [edge_elements.cpp:187] [create] Created (LastAsyncEl0NmsPPMuxEl0YOLOV8-Post-Process)
[2025-04-13 10:33:26.028] [25372] [HailoRT] [info] [pipeline.cpp:891] [print_deep_description] EntryPushQEl0yolov10n/input_layer1 | inputs: user | outputs: PreInferEl3yolov10n/input_layer1(running in thread_id: 25389)
[2025-04-13 10:33:26.029] [25372] [HailoRT] [info] [pipeline.cpp:891] [print_deep_description] PreInferEl3yolov10n/input_layer1 | inputs: EntryPushQEl0yolov10n/input_layer1[0] | outputs: PushQEl3yolov10n/input_layer1
[2025-04-13 10:33:26.029] [25372] [HailoRT] [info] [pipeline.cpp:891] [print_deep_description] PushQEl3yolov10n/input_layer1 | inputs: PreInferEl3yolov10n/input_layer1[0] | outputs: AsyncHwEl(running in thread_id: 25390)
[2025-04-13 10:33:26.029] [25372] [HailoRT] [info] [pipeline.cpp:891] [print_deep_description] AsyncHwEl | inputs: PushQEl3yolov10n/input_layer1[0] | outputs: MultiPushQEl0YOLOV8-Post-Process MultiPushQEl0YOLOV8-Post-Process MultiPushQEl0YOLOV8-Post-Process MultiPushQEl0YOLOV8-Post-Process MultiPushQEl0YOLOV8-Post-Process MultiPushQEl0YOLOV8-Post-Process
[2025-04-13 10:33:26.029] [25372] [HailoRT] [info] [pipeline.cpp:891] [print_deep_description] MultiPushQEl0YOLOV8-Post-Process | inputs: AsyncHwEl[0] AsyncHwEl[1] AsyncHwEl[2] AsyncHwEl[3] AsyncHwEl[4] AsyncHwEl[5] | outputs: NmsPPMuxEl0YOLOV8-Post-Process(running in thread_id: 25391)
[2025-04-13 10:33:26.029] [25372] [HailoRT] [info] [pipeline.cpp:891] [print_deep_description] NmsPPMuxEl0YOLOV8-Post-Process | inputs: MultiPushQEl0YOLOV8-Post-Process[0] | outputs: LastAsyncEl0NmsPPMuxEl0YOLOV8-Post-Process
[2025-04-13 10:33:26.029] [25372] [HailoRT] [info] [pipeline.cpp:891] [print_deep_description] LastAsyncEl0NmsPPMuxEl0YOLOV8-Post-Process | inputs: NmsPPMuxEl0YOLOV8-Post-Process[0] | outputs: user
[2025-04-13 10:34:14.372] [26532] [HailoRT] [info] [vdevice.cpp:523] [create] Creating vdevice with params: device_count: 1, scheduling_algorithm: ROUND_ROBIN, multi_process_service: false
[2025-04-13 10:34:14.384] [26532] [HailoRT] [info] [device.cpp:49] [Device] OS Version: Linux 6.12.20+rpt-rpi-2712 #1 SMP PREEMPT Debian 1:6.12.20-1+rpt1~bpo12+1 (2025-03-19) aarch64
[2025-04-13 10:34:14.386] [26532] [HailoRT] [info] [control.cpp:108] [control__parse_identify_results] firmware_version is: 4.20.0
[2025-04-13 10:34:14.386] [26532] [HailoRT] [info] [vdevice.cpp:651] [create] VDevice Infos: 0001:01:00.0
[2025-04-13 10:34:14.434] [26532] [HailoRT] [info] [hef.cpp:1929] [get_network_group_and_network_name] No name was given. Addressing all networks of default network_group: yolov10n
[2025-04-13 10:34:14.434] [26532] [HailoRT] [info] [hef.cpp:1929] [get_network_group_and_network_name] No name was given. Addressing all networks of default network_group: yolov10n
[2025-04-13 10:34:14.434] [26532] [HailoRT] [info] [hef.cpp:1929] [get_network_group_and_network_name] No name was given. Addressing all networks of default network_group: yolov10n
[2025-04-13 10:34:14.444] [26532] [HailoRT] [info] [internal_buffer_manager.cpp:204] [print_execution_results] Planned internal buffer memory: CMA memory 0, user memory 1540096. memory to edge layer usage factor is 0.6974264
[2025-04-13 10:34:14.444] [26532] [HailoRT] [info] [internal_buffer_manager.cpp:212] [print_execution_results] Default Internal buffer planner executed successfully
[2025-04-13 10:34:14.474] [26532] [HailoRT] [info] [device_internal.cpp:57] [configure] Configuring HEF took 39.970627 milliseconds
[2025-04-13 10:34:14.474] [26532] [HailoRT] [info] [vdevice.cpp:749] [configure] Configuring HEF on VDevice took 40.35917 milliseconds
[2025-04-13 10:34:14.474] [26532] [HailoRT] [info] [infer_model.cpp:436] [configure] Configuring network group 'yolov10n' with params: batch size: 0, power mode: PERFORMANCE, latency: NONE
[2025-04-13 10:34:14.475] [26532] [HailoRT] [info] [multi_io_elements.cpp:756] [create] Created (AsyncHwEl)
[2025-04-13 10:34:14.475] [26532] [HailoRT] [info] [queue_elements.cpp:450] [create] Created (EntryPushQEl0yolov10n/input_layer1 | timeout: 10s)
[2025-04-13 10:34:14.475] [26532] [HailoRT] [info] [filter_elements.cpp:101] [create] Created (PreInferEl3yolov10n/input_layer1 | Reorder - src_order: NHWC, src_shape: (640, 640, 3), dst_order: NHCW, dst_shape: (640, 640, 3))
[2025-04-13 10:34:14.475] [26532] [HailoRT] [info] [queue_elements.cpp:450] [create] Created (PushQEl3yolov10n/input_layer1 | timeout: 10s)
[2025-04-13 10:34:14.475] [26532] [HailoRT] [info] [multi_io_elements.cpp:135] [create] Created (NmsPPMuxEl0YOLOV8-Post-Process | Op YOLOV8, Name: YOLOV8-Post-Process, Score threshold: 0.300, IoU threshold: 0.70, Classes: 80, Cross classes: false, NMS results order: BY_CLASS, Max bboxes per class: 100, Image height: 640, Image width: 640)
[2025-04-13 10:34:14.475] [26532] [HailoRT] [info] [queue_elements.cpp:942] [create] Created (MultiPushQEl0YOLOV8-Post-Process | timeout: 10s)
[2025-04-13 10:34:14.475] [26532] [HailoRT] [info] [edge_elements.cpp:187] [create] Created (LastAsyncEl0NmsPPMuxEl0YOLOV8-Post-Process)
[2025-04-13 10:34:14.475] [26532] [HailoRT] [info] [pipeline.cpp:891] [print_deep_description] EntryPushQEl0yolov10n/input_layer1 | inputs: user | outputs: PreInferEl3yolov10n/input_layer1(running in thread_id: 26548)
[2025-04-13 10:34:14.475] [26532] [HailoRT] [info] [pipeline.cpp:891] [print_deep_description] PreInferEl3yolov10n/input_layer1 | inputs: EntryPushQEl0yolov10n/input_layer1[0] | outputs: PushQEl3yolov10n/input_layer1
[2025-04-13 10:34:14.475] [26532] [HailoRT] [info] [pipeline.cpp:891] [print_deep_description] PushQEl3yolov10n/input_layer1 | inputs: PreInferEl3yolov10n/input_layer1[0] | outputs: AsyncHwEl(running in thread_id: 26549)
[2025-04-13 10:34:14.475] [26532] [HailoRT] [info] [pipeline.cpp:891] [print_deep_description] AsyncHwEl | inputs: PushQEl3yolov10n/input_layer1[0] | outputs: MultiPushQEl0YOLOV8-Post-Process MultiPushQEl0YOLOV8-Post-Process MultiPushQEl0YOLOV8-Post-Process MultiPushQEl0YOLOV8-Post-Process MultiPushQEl0YOLOV8-Post-Process MultiPushQEl0YOLOV8-Post-Process
[2025-04-13 10:34:14.475] [26532] [HailoRT] [info] [pipeline.cpp:891] [print_deep_description] MultiPushQEl0YOLOV8-Post-Process | inputs: AsyncHwEl[0] AsyncHwEl[1] AsyncHwEl[2] AsyncHwEl[3] AsyncHwEl[4] AsyncHwEl[5] | outputs: NmsPPMuxEl0YOLOV8-Post-Process(running in thread_id: 26550)
[2025-04-13 10:34:14.475] [26532] [HailoRT] [info] [pipeline.cpp:891] [print_deep_description] NmsPPMuxEl0YOLOV8-Post-Process | inputs: MultiPushQEl0YOLOV8-Post-Process[0] | outputs: LastAsyncEl0NmsPPMuxEl0YOLOV8-Post-Process
[2025-04-13 10:34:14.475] [26532] [HailoRT] [info] [pipeline.cpp:891] [print_deep_description] LastAsyncEl0NmsPPMuxEl0YOLOV8-Post-Process | inputs: NmsPPMuxEl0YOLOV8-Post-Process[0] | outputs: user
[2025-04-13 10:34:15.774] [26591] [HailoRT] [info] [hef.cpp:1929] [get_network_group_and_network_name] No name was given. Addressing all networks of default network_group: yolov10n
[2025-04-13 10:36:02.724] [26532] [HailoRT] [info] [async_infer_runner.cpp:86] [shutdown] Pipeline was aborted. Shutting it down
[2025-04-13 10:36:02.725] [26532] [HailoRT] [info] [queue_elements.cpp:1131] [execute_deactivate] enqueue() in element MultiPushQEl0YOLOV8-Post-Process was aborted, got status = HAILO_SHUTDOWN_EVENT_SIGNALED(57)
[2025-04-13 10:36:02.726] [26532] [HailoRT] [info] [queue_elements.cpp:1131] [execute_deactivate] enqueue() in element MultiPushQEl0YOLOV8-Post-Process was aborted, got status = HAILO_SHUTDOWN_EVENT_SIGNALED(57)
[2025-04-13 10:36:02.726] [26532] [HailoRT] [info] [queue_elements.cpp:1131] [execute_deactivate] enqueue() in element MultiPushQEl0YOLOV8-Post-Process was aborted, got status = HAILO_SHUTDOWN_EVENT_SIGNALED(57)
[2025-04-13 10:36:02.726] [26532] [HailoRT] [info] [queue_elements.cpp:1131] [execute_deactivate] enqueue() in element MultiPushQEl0YOLOV8-Post-Process was aborted, got status = HAILO_SHUTDOWN_EVENT_SIGNALED(57)
[2025-04-13 10:36:02.726] [26532] [HailoRT] [info] [queue_elements.cpp:1131] [execute_deactivate] enqueue() in element MultiPushQEl0YOLOV8-Post-Process was aborted, got status = HAILO_SHUTDOWN_EVENT_SIGNALED(57)
[2025-04-13 10:36:02.726] [26532] [HailoRT] [info] [queue_elements.cpp:1131] [execute_deactivate] enqueue() in element MultiPushQEl0YOLOV8-Post-Process was aborted, got status = HAILO_SHUTDOWN_EVENT_SIGNALED(57)
[2025-04-13 10:36:02.726] [26532] [HailoRT] [info] [queue_elements.cpp:570] [execute_deactivate] enqueue() in element PushQEl3yolov10n/input_layer1 was aborted, got status = HAILO_SHUTDOWN_EVENT_SIGNALED(57)
[2025-04-13 10:36:02.726] [26532] [HailoRT] [info] [queue_elements.cpp:570] [execute_deactivate] enqueue() in element EntryPushQEl0yolov10n/input_layer1 was aborted, got status = HAILO_SHUTDOWN_EVENT_SIGNALED(57)
[2025-04-13 10:36:02.726] [26532] [HailoRT] [info] [queue_elements.cpp:46] [~BaseQueueElement] Queue element EntryPushQEl0yolov10n/input_layer1 has 0 frames in his Queue on destruction
[2025-04-13 10:36:02.726] [26532] [HailoRT] [info] [queue_elements.cpp:46] [~BaseQueueElement] Queue element PushQEl3yolov10n/input_layer1 has 0 frames in his Queue on destruction
